Arguments: 
  C:\Program Files\nodejs\node.exe C:\Users\CamelCase\AppData\Roaming\npm\node_modules\yarn\bin\yarn.js postinstall

PATH: 
  C:\bin\bin;C:\bin\vendor\bin;C:\bin\vendor\conemu-maximus5\ConEmu\Scripts;C:\bin\vendor\conemu-maximus5;C:\bin\vendor\conemu-maximus5\ConEmu;C:\Windows\system32;C:\Windows;C:\Windows\System32\Wbem;C:\Windows\System32\WindowsPowerShell\v1.0\;C:\Windows\System32\OpenSSH\;C:\Program Files\nodejs\;C:\Program Files\heroku\bin;C:\Program Files\Java\jdk-12.0.2\bin;C:\Program Files\MongoDB\Server\4.2\bin;C:\Users\CamelCase\AppData\Local\Microsoft\WindowsApps;C:\Users\CamelCase\AppData\Local\Programs\Microsoft VS Code\bin;C:\Users\CamelCase\AppData\Roaming\npm;C:\Program Files\heroku\bin;C:\Users\CamelCase\AppData\Local\GitHubDesktop\bin;C:\Users\CamelCase\AppData\Local\Android\Sdk\platform-tools;C:\bin\vendor\git-for-windows\cmd;C:\bin\vendor\git-for-windows\mingw64\bin;C:\bin\vendor\git-for-windows\usr\bin;C:\bin

Yarn version: 
  1.16.0

Node version: 
  10.16.0

Platform: 
  win32 x64

Trace: 
  SyntaxError: C:\Users\CamelCase\App\React Project\General Training\YOUTUBE\ReduxSimpleStarter\package.json: Unexpected token / in JSON at position 548
      at JSON.parse (<anonymous>)
      at C:\Users\CamelCase\AppData\Roaming\npm\node_modules\yarn\lib\cli.js:1625:59
      at Generator.next (<anonymous>)
      at step (C:\Users\CamelCase\AppData\Roaming\npm\node_modules\yarn\lib\cli.js:304:30)
      at C:\Users\CamelCase\AppData\Roaming\npm\node_modules\yarn\lib\cli.js:315:13

npm manifest: 
  {
      "name": "redux-simple-starter",
      "version": "1.0.0",
      "description": "Simple starter package for Redux with React and Babel support",
      "main": "index.js",
      "repository": "git@github.com:StephenGrider/ReduxSimpleStarter.git",
      "scripts": {
          "dev": "node ./node_modules/webpack-dev-server/bin/webpack-dev-server.js",
          "test": "mocha --compilers js:babel-core/register --require ./test/test_helper.js --recursive ./test",
          "test:watch": "npm run test -- --watch",
          "postinstall": "webpack -p",
          // "build": "webpack -p --define process.env.NODE_ENV='\"production\"' --progress --colors", 
          "start": "node index.js"
      },
      "author": "",
      "license": "ISC",
      "devDependencies": {
          "babel-core": "^6.2.1",
          "babel-loader": "^6.2.0",
          "babel-preset-es2015": "^6.1.18",
          "babel-preset-react": "^6.1.18",
          "webpack": "^1.12.9",
          "webpack-dev-server": "^1.14.0"
      },
      "dependencies": {
          "babel-preset-stage-1": "^6.1.18",
          "heroku": "^7.22.7",
          "lodash": "^3.10.1",
          "react": "16.3.2",
          "react-dom": "16.3.2",
          "react-particles-js": "^2.5.1",
          "react-redux": "5.0.7",
          "redux": "4.0.0",
          "youtube-api-search": "0.0.5"
      }
  }

yarn manifest: 
  No manifest

Lockfile: 
  No lockfile
